<?xml version="1.0" encoding="UTF-8"?>
<testsuite xmlns:xsi="http://www.w3.org/2001/XMLSchema-instance" xsi:noNamespaceSchemaLocation="https://maven.apache.org/surefire/maven-surefire-plugin/xsd/surefire-test-report.xsd" name="fr.hextechgaming.games.business.AppTest" time="0.059" tests="1" errors="0" skipped="0" failures="0">
  <properties>
    <property name="java.specification.version" value="15"/>
    <property name="sun.cpu.isalist" value="amd64"/>
    <property name="sun.jnu.encoding" value="Cp1252"/>
    <property name="java.class.path" value="C:\Users\f.etendard\eclipse-workspace\bundleofgamers\bundleofgamers-business\target\test-classes;C:\Users\f.etendard\eclipse-workspace\bundleofgamers\bundleofgamers-business\target\classes;C:\Users\f.etendard\eclipse-workspace\bundleofgamers\bundleofgamers-model\target\bundleofgamers-model-1.0-SNAPSHOT.jar;C:\Users\f.etendard\eclipse-workspace\bundleofgamers\bundleofgamers-consumer\target\bundleofgamers-consumer-1.0-SNAPSHOT.jar;C:\Users\f.etendard\.m2\repository\junit\junit\4.11\junit-4.11.jar;C:\Users\f.etendard\.m2\repository\org\hamcrest\hamcrest-core\1.3\hamcrest-core-1.3.jar;"/>
    <property name="java.vm.vendor" value="Oracle Corporation"/>
    <property name="sun.arch.data.model" value="64"/>
    <property name="user.variant" value=""/>
    <property name="java.vendor.url" value="https://java.oracle.com/"/>
    <property name="user.timezone" value="Europe/Paris"/>
    <property name="os.name" value="Windows 10"/>
    <property name="java.vm.specification.version" value="15"/>
    <property name="sun.java.launcher" value="SUN_STANDARD"/>
    <property name="user.country" value="FR"/>
    <property name="sun.boot.library.path" value="C:\Program Files\Java\jdk-15.0.2\bin"/>
    <property name="sun.java.command" value="C:\Users\F88A0~1.ETE\AppData\Local\Temp\surefire1622349602975985706\surefirebooter7770906665385645071.jar C:\Users\f.etendard\AppData\Local\Temp\surefire1622349602975985706 2021-01-29T17-10-34_282-jvmRun1 surefire9872616778898405085tmp surefire_26479346150630752842tmp"/>
    <property name="jdk.debug" value="release"/>
    <property name="surefire.test.class.path" value="C:\Users\f.etendard\eclipse-workspace\bundleofgamers\bundleofgamers-business\target\test-classes;C:\Users\f.etendard\eclipse-workspace\bundleofgamers\bundleofgamers-business\target\classes;C:\Users\f.etendard\eclipse-workspace\bundleofgamers\bundleofgamers-model\target\bundleofgamers-model-1.0-SNAPSHOT.jar;C:\Users\f.etendard\eclipse-workspace\bundleofgamers\bundleofgamers-consumer\target\bundleofgamers-consumer-1.0-SNAPSHOT.jar;C:\Users\f.etendard\.m2\repository\junit\junit\4.11\junit-4.11.jar;C:\Users\f.etendard\.m2\repository\org\hamcrest\hamcrest-core\1.3\hamcrest-core-1.3.jar;"/>
    <property name="sun.cpu.endian" value="little"/>
    <property name="user.home" value="C:\Users\f.etendard"/>
    <property name="user.language" value="fr"/>
    <property name="java.specification.vendor" value="Oracle Corporation"/>
    <property name="java.version.date" value="2021-01-19"/>
    <property name="java.home" value="C:\Program Files\Java\jdk-15.0.2"/>
    <property name="file.separator" value="\"/>
    <property name="basedir" value="C:\Users\f.etendard\eclipse-workspace\bundleofgamers\bundleofgamers-business"/>
    <property name="java.vm.compressedOopsMode" value="32-bit"/>
    <property name="line.separator" value="&#10;"/>
    <property name="java.vm.specification.vendor" value="Oracle Corporation"/>
    <property name="java.specification.name" value="Java Platform API Specification"/>
    <property name="surefire.real.class.path" value="C:\Users\F88A0~1.ETE\AppData\Local\Temp\surefire1622349602975985706\surefirebooter7770906665385645071.jar"/>
    <property name="user.script" value=""/>
    <property name="sun.management.compiler" value="HotSpot 64-Bit Tiered Compilers"/>
    <property name="java.runtime.version" value="15.0.2+7-27"/>
    <property name="user.name" value="f.etendard"/>
    <property name="path.separator" value=";"/>
    <property name="os.version" value="10.0"/>
    <property name="java.runtime.name" value="Java(TM) SE Runtime Environment"/>
    <property name="file.encoding" value="Cp1252"/>
    <property name="java.vm.name" value="Java HotSpot(TM) 64-Bit Server VM"/>
    <property name="localRepository" value="C:\Users\f.etendard\.m2\repository"/>
    <property name="java.vendor.url.bug" value="https://bugreport.java.com/bugreport/"/>
    <property name="java.io.tmpdir" value="C:\Users\F88A0~1.ETE\AppData\Local\Temp\"/>
    <property name="java.version" value="15.0.2"/>
    <property name="user.dir" value="C:\Users\f.etendard\eclipse-workspace\bundleofgamers\bundleofgamers-business"/>
    <property name="os.arch" value="amd64"/>
    <property name="java.vm.specification.name" value="Java Virtual Machine Specification"/>
    <property name="sun.os.patch.level" value=""/>
    <property name="java.library.path" value="C:\Program Files\Java\jdk-15.0.2\bin;C:\Windows\Sun\Java\bin;C:\Windows\system32;C:\Windows;C:\Program Files\Microsoft MPI\Bin\;C:\Program Files\Common Files\Oracle\Java\javapath;C:\Windows\system32;C:\Windows;C:\Windows\System32\Wbem;C:\Windows\System32\WindowsPowerShell\v1.0\;C:\Windows\System32\OpenSSH\;C:\Program Files (x86)\Intel\Intel(R) Management Engine Components\DAL;C:\Program Files\Intel\Intel(R) Management Engine Components\DAL;C:\Program Files\php-8.0.1\;C:\Program Files\python-3.9.1\;C:\Program Files\Azure Data Studio\bin;C:\Program Files (x86)\Microsoft SQL Server\150\DTS\Binn\;C:\Program Files\Microsoft SQL Server\150\DTS\Binn\;C:\Program Files\Microsoft SQL Server\Client SDK\ODBC\170\Tools\Binn\;C:\Program Files (x86)\Microsoft SQL Server\150\Tools\Binn\;C:\Program Files\Microsoft SQL Server\150\Tools\Binn\;C:\Users\F.Etendard.DESKTOP-IDHV9GM\AppData\Local\GitHubDesktop\app-2.6.2\resources\app\git\cmd\;C:\Program Files\Git\cmd;C:\apache-maven-3.6.3\bin\;C:\Users\f.etendard\AppData\Local\Microsoft\WindowsApps;C:\apache-maven-3.6.3\bin\;;."/>
    <property name="java.vm.info" value="mixed mode, sharing"/>
    <property name="java.vendor" value="Oracle Corporation"/>
    <property name="java.vm.version" value="15.0.2+7-27"/>
    <property name="sun.io.unicode.encoding" value="UnicodeLittle"/>
    <property name="java.class.version" value="59.0"/>
  </properties>
  <testcase name="shouldAnswerWithTrue" classname="fr.hextechgaming.games.business.AppTest" time="0.001"/>
</testsuite>